Started by user Khang Nguyen
Running as SYSTEM
Building in workspace /var/jenkins_home/workspace/spring-maven-deployment-2
Selected Git installation does not exist. Using Default
The recommended git tool is: NONE
using credential a860c42d-ae13-43a9-b13c-eb11fd31c694
Cloning the remote Git repository
Cloning repository git@github.com:UnknowEntity/udacity-java-web-final.git
 > git init /var/jenkins_home/workspace/spring-maven-deployment-2 # timeout=10
Fetching upstream changes from git@github.com:UnknowEntity/udacity-java-web-final.git
 > git --version # timeout=10
 > git --version # 'git version 2.39.2'
using GIT_SSH to set credentials 
[INFO] Currently running in a labeled security context
 > /usr/bin/chcon --type=ssh_home_t /var/jenkins_home/workspace/spring-maven-deployment-2@tmp/jenkins-gitclient-ssh12202339665208530176.key
Verifying host key using known hosts file, will automatically accept unseen keys
 > git fetch --tags --force --progress -- git@github.com:UnknowEntity/udacity-java-web-final.git +refs/heads/*:refs/remotes/origin/* # timeout=10
 > git config remote.origin.url git@github.com:UnknowEntity/udacity-java-web-final.git # timeout=10
 > git config --add remote.origin.fetch +refs/heads/*:refs/remotes/origin/* # timeout=10
Avoid second fetch
 > git rev-parse refs/remotes/origin/main^{commit} # timeout=10
Checking out Revision 2b345f3b10be003a4346ac5f59eb6763b4f10faa (refs/remotes/origin/main)
 > git config core.sparsecheckout # timeout=10
 > git checkout -f 2b345f3b10be003a4346ac5f59eb6763b4f10faa # timeout=10
Commit message: "fix: add default value"
First time build. Skipping changelog.
Parsing POMs
Failed to transfer Could not find artifact org.springframework.boot:spring-boot-starter-parent:pom:3.3.1 in splunk-artifactory (https://splunk.jfrog.io/splunk/ext-releases-local)
Downloaded artifact https://repo.maven.apache.org/maven2/org/springframework/boot/spring-boot-starter-parent/3.3.1/spring-boot-starter-parent-3.3.1.pom
Failed to transfer Could not find artifact org.springframework.boot:spring-boot-dependencies:pom:3.3.1 in splunk-artifactory (https://splunk.jfrog.io/splunk/ext-releases-local)
Downloaded artifact https://repo.maven.apache.org/maven2/org/springframework/boot/spring-boot-dependencies/3.3.1/spring-boot-dependencies-3.3.1.pom
Failed to transfer Could not find artifact org.apache.activemq:artemis-bom:pom:2.33.0 in splunk-artifactory (https://splunk.jfrog.io/splunk/ext-releases-local)
Downloaded artifact https://repo.maven.apache.org/maven2/org/apache/activemq/artemis-bom/2.33.0/artemis-bom-2.33.0.pom
Failed to transfer Could not find artifact org.apache.activemq:artemis-project:pom:2.33.0 in splunk-artifactory (https://splunk.jfrog.io/splunk/ext-releases-local)
Downloaded artifact https://repo.maven.apache.org/maven2/org/apache/activemq/artemis-project/2.33.0/artemis-project-2.33.0.pom
Failed to transfer Could not find artifact org.apache:apache:pom:31 in splunk-artifactory (https://splunk.jfrog.io/splunk/ext-releases-local)
Downloaded artifact https://repo.maven.apache.org/maven2/org/apache/apache/31/apache-31.pom
Failed to transfer Could not find artifact org.assertj:assertj-bom:pom:3.25.3 in splunk-artifactory (https://splunk.jfrog.io/splunk/ext-releases-local)
Downloaded artifact https://repo.maven.apache.org/maven2/org/assertj/assertj-bom/3.25.3/assertj-bom-3.25.3.pom
Failed to transfer Could not find artifact io.zipkin.reporter2:zipkin-reporter-bom:pom:3.4.0 in splunk-artifactory (https://splunk.jfrog.io/splunk/ext-releases-local)
Downloaded artifact https://repo.maven.apache.org/maven2/io/zipkin/reporter2/zipkin-reporter-bom/3.4.0/zipkin-reporter-bom-3.4.0.pom
Failed to transfer Could not find artifact io.zipkin.brave:brave-bom:pom:6.0.3 in splunk-artifactory (https://splunk.jfrog.io/splunk/ext-releases-local)
Downloaded artifact https://repo.maven.apache.org/maven2/io/zipkin/brave/brave-bom/6.0.3/brave-bom-6.0.3.pom
Failed to transfer Could not find artifact org.apache.cassandra:java-driver-bom:pom:4.18.1 in splunk-artifactory (https://splunk.jfrog.io/splunk/ext-releases-local)
Downloaded artifact https://repo.maven.apache.org/maven2/org/apache/cassandra/java-driver-bom/4.18.1/java-driver-bom-4.18.1.pom
Failed to transfer Could not find artifact org.glassfish.jaxb:jaxb-bom:pom:4.0.5 in splunk-artifactory (https://splunk.jfrog.io/splunk/ext-releases-local)
Downloaded artifact https://repo.maven.apache.org/maven2/org/glassfish/jaxb/jaxb-bom/4.0.5/jaxb-bom-4.0.5.pom
Failed to transfer Could not find artifact org.eclipse.ee4j:project:pom:1.0.9 in splunk-artifactory (https://splunk.jfrog.io/splunk/ext-releases-local)
Downloaded artifact https://repo.maven.apache.org/maven2/org/eclipse/ee4j/project/1.0.9/project-1.0.9.pom
Failed to transfer Could not find artifact org.apache.groovy:groovy-bom:pom:4.0.21 in splunk-artifactory (https://splunk.jfrog.io/splunk/ext-releases-local)
Downloaded artifact https://repo.maven.apache.org/maven2/org/apache/groovy/groovy-bom/4.0.21/groovy-bom-4.0.21.pom
Failed to transfer Could not find artifact org.infinispan:infinispan-bom:pom:15.0.5.Final in splunk-artifactory (https://splunk.jfrog.io/splunk/ext-releases-local)
Downloaded artifact https://repo.maven.apache.org/maven2/org/infinispan/infinispan-bom/15.0.5.Final/infinispan-bom-15.0.5.Final.pom
Failed to transfer Could not find artifact org.infinispan:infinispan-build-configuration-parent:pom:15.0.5.Final in splunk-artifactory (https://splunk.jfrog.io/splunk/ext-releases-local)
Downloaded artifact https://repo.maven.apache.org/maven2/org/infinispan/infinispan-build-configuration-parent/15.0.5.Final/infinispan-build-configuration-parent-15.0.5.Final.pom
Failed to transfer Could not find artifact org.jboss:jboss-parent:pom:43 in splunk-artifactory (https://splunk.jfrog.io/splunk/ext-releases-local)
Downloaded artifact https://repo.maven.apache.org/maven2/org/jboss/jboss-parent/43/jboss-parent-43.pom
Failed to transfer Could not find artifact com.fasterxml.jackson:jackson-bom:pom:2.17.1 in splunk-artifactory (https://splunk.jfrog.io/splunk/ext-releases-local)
Downloaded artifact https://repo.maven.apache.org/maven2/com/fasterxml/jackson/jackson-bom/2.17.1/jackson-bom-2.17.1.pom
Failed to transfer Could not find artifact com.fasterxml.jackson:jackson-parent:pom:2.17 in splunk-artifactory (https://splunk.jfrog.io/splunk/ext-releases-local)
Downloaded artifact https://repo.maven.apache.org/maven2/com/fasterxml/jackson/jackson-parent/2.17/jackson-parent-2.17.pom
Failed to transfer Could not find artifact com.fasterxml:oss-parent:pom:58 in splunk-artifactory (https://splunk.jfrog.io/splunk/ext-releases-local)
Downloaded artifact https://repo.maven.apache.org/maven2/com/fasterxml/oss-parent/58/oss-parent-58.pom
Failed to transfer Could not find artifact org.glassfish.jersey:jersey-bom:pom:3.1.7 in splunk-artifactory (https://splunk.jfrog.io/splunk/ext-releases-local)
Downloaded artifact https://repo.maven.apache.org/maven2/org/glassfish/jersey/jersey-bom/3.1.7/jersey-bom-3.1.7.pom
Failed to transfer Could not find artifact org.eclipse.jetty.ee10:jetty-ee10-bom:pom:12.0.10 in splunk-artifactory (https://splunk.jfrog.io/splunk/ext-releases-local)
Downloaded artifact https://repo.maven.apache.org/maven2/org/eclipse/jetty/ee10/jetty-ee10-bom/12.0.10/jetty-ee10-bom-12.0.10.pom
Failed to transfer Could not find artifact org.eclipse.jetty:jetty-bom:pom:12.0.10 in splunk-artifactory (https://splunk.jfrog.io/splunk/ext-releases-local)
Downloaded artifact https://repo.maven.apache.org/maven2/org/eclipse/jetty/jetty-bom/12.0.10/jetty-bom-12.0.10.pom
Failed to transfer Could not find artifact org.junit:junit-bom:pom:5.10.2 in splunk-artifactory (https://splunk.jfrog.io/splunk/ext-releases-local)
Downloaded artifact https://repo.maven.apache.org/maven2/org/junit/junit-bom/5.10.2/junit-bom-5.10.2.pom
Failed to transfer Could not find artifact org.jetbrains.kotlin:kotlin-bom:pom:1.9.24 in splunk-artifactory (https://splunk.jfrog.io/splunk/ext-releases-local)
Downloaded artifact https://repo.maven.apache.org/maven2/org/jetbrains/kotlin/kotlin-bom/1.9.24/kotlin-bom-1.9.24.pom
Failed to transfer Could not find artifact org.jetbrains.kotlinx:kotlinx-coroutines-bom:pom:1.8.1 in splunk-artifactory (https://splunk.jfrog.io/splunk/ext-releases-local)
Downloaded artifact https://repo.maven.apache.org/maven2/org/jetbrains/kotlinx/kotlinx-coroutines-bom/1.8.1/kotlinx-coroutines-bom-1.8.1.pom
Failed to transfer Could not find artifact org.jetbrains.kotlinx:kotlinx-serialization-bom:pom:1.6.3 in splunk-artifactory (https://splunk.jfrog.io/splunk/ext-releases-local)
Downloaded artifact https://repo.maven.apache.org/maven2/org/jetbrains/kotlinx/kotlinx-serialization-bom/1.6.3/kotlinx-serialization-bom-1.6.3.pom
Failed to transfer Could not find artifact org.apache.logging.log4j:log4j-bom:pom:2.23.1 in splunk-artifactory (https://splunk.jfrog.io/splunk/ext-releases-local)
Downloaded artifact https://repo.maven.apache.org/maven2/org/apache/logging/log4j/log4j-bom/2.23.1/log4j-bom-2.23.1.pom
Failed to transfer Could not find artifact org.apache.logging:logging-parent:pom:10.6.0 in splunk-artifactory (https://splunk.jfrog.io/splunk/ext-releases-local)
Downloaded artifact https://repo.maven.apache.org/maven2/org/apache/logging/logging-parent/10.6.0/logging-parent-10.6.0.pom
Failed to transfer Could not find artifact io.micrometer:micrometer-bom:pom:1.13.1 in splunk-artifactory (https://splunk.jfrog.io/splunk/ext-releases-local)
Downloaded artifact https://repo.maven.apache.org/maven2/io/micrometer/micrometer-bom/1.13.1/micrometer-bom-1.13.1.pom
Failed to transfer Could not find artifact io.micrometer:micrometer-tracing-bom:pom:1.3.1 in splunk-artifactory (https://splunk.jfrog.io/splunk/ext-releases-local)
Downloaded artifact https://repo.maven.apache.org/maven2/io/micrometer/micrometer-tracing-bom/1.3.1/micrometer-tracing-bom-1.3.1.pom
Failed to transfer Could not find artifact org.mockito:mockito-bom:pom:5.11.0 in splunk-artifactory (https://splunk.jfrog.io/splunk/ext-releases-local)
Downloaded artifact https://repo.maven.apache.org/maven2/org/mockito/mockito-bom/5.11.0/mockito-bom-5.11.0.pom
Failed to transfer Could not find artifact io.netty:netty-bom:pom:4.1.111.Final in splunk-artifactory (https://splunk.jfrog.io/splunk/ext-releases-local)
Downloaded artifact https://repo.maven.apache.org/maven2/io/netty/netty-bom/4.1.111.Final/netty-bom-4.1.111.Final.pom
Failed to transfer Could not find artifact org.sonatype.oss:oss-parent:pom:7 in splunk-artifactory (https://splunk.jfrog.io/splunk/ext-releases-local)
Downloaded artifact https://repo.maven.apache.org/maven2/org/sonatype/oss/oss-parent/7/oss-parent-7.pom
Failed to transfer Could not find artifact com.squareup.okhttp3:okhttp-bom:pom:4.12.0 in splunk-artifactory (https://splunk.jfrog.io/splunk/ext-releases-local)
Downloaded artifact https://repo.maven.apache.org/maven2/com/squareup/okhttp3/okhttp-bom/4.12.0/okhttp-bom-4.12.0.pom
Failed to transfer Could not find artifact io.opentelemetry:opentelemetry-bom:pom:1.37.0 in splunk-artifactory (https://splunk.jfrog.io/splunk/ext-releases-local)
Downloaded artifact https://repo.maven.apache.org/maven2/io/opentelemetry/opentelemetry-bom/1.37.0/opentelemetry-bom-1.37.0.pom
Failed to transfer Could not find artifact io.prometheus:prometheus-metrics-bom:pom:1.2.1 in splunk-artifactory (https://splunk.jfrog.io/splunk/ext-releases-local)
Downloaded artifact https://repo.maven.apache.org/maven2/io/prometheus/prometheus-metrics-bom/1.2.1/prometheus-metrics-bom-1.2.1.pom
Failed to transfer Could not find artifact io.prometheus:client_java:pom:1.2.1 in splunk-artifactory (https://splunk.jfrog.io/splunk/ext-releases-local)
Downloaded artifact https://repo.maven.apache.org/maven2/io/prometheus/client_java/1.2.1/client_java-1.2.1.pom
Failed to transfer Could not find artifact io.prometheus:simpleclient_bom:pom:0.16.0 in splunk-artifactory (https://splunk.jfrog.io/splunk/ext-releases-local)
Downloaded artifact https://repo.maven.apache.org/maven2/io/prometheus/simpleclient_bom/0.16.0/simpleclient_bom-0.16.0.pom
Failed to transfer Could not find artifact io.prometheus:parent:pom:0.16.0 in splunk-artifactory (https://splunk.jfrog.io/splunk/ext-releases-local)
Downloaded artifact https://repo.maven.apache.org/maven2/io/prometheus/parent/0.16.0/parent-0.16.0.pom
Failed to transfer Could not find artifact org.apache.pulsar:pulsar-bom:pom:3.2.3 in splunk-artifactory (https://splunk.jfrog.io/splunk/ext-releases-local)
Downloaded artifact https://repo.maven.apache.org/maven2/org/apache/pulsar/pulsar-bom/3.2.3/pulsar-bom-3.2.3.pom
Failed to transfer Could not find artifact org.apache:apache:pom:29 in splunk-artifactory (https://splunk.jfrog.io/splunk/ext-releases-local)
Downloaded artifact https://repo.maven.apache.org/maven2/org/apache/apache/29/apache-29.pom
Failed to transfer Could not find artifact com.querydsl:querydsl-bom:pom:5.1.0 in splunk-artifactory (https://splunk.jfrog.io/splunk/ext-releases-local)
Downloaded artifact https://repo.maven.apache.org/maven2/com/querydsl/querydsl-bom/5.1.0/querydsl-bom-5.1.0.pom
Failed to transfer Could not find artifact io.projectreactor:reactor-bom:pom:2023.0.7 in splunk-artifactory (https://splunk.jfrog.io/splunk/ext-releases-local)
Downloaded artifact https://repo.maven.apache.org/maven2/io/projectreactor/reactor-bom/2023.0.7/reactor-bom-2023.0.7.pom
Failed to transfer Could not find artifact io.rest-assured:rest-assured-bom:pom:5.4.0 in splunk-artifactory (https://splunk.jfrog.io/splunk/ext-releases-local)
Downloaded artifact https://repo.maven.apache.org/maven2/io/rest-assured/rest-assured-bom/5.4.0/rest-assured-bom-5.4.0.pom
Failed to transfer Could not find artifact io.rsocket:rsocket-bom:pom:1.1.3 in splunk-artifactory (https://splunk.jfrog.io/splunk/ext-releases-local)
Downloaded artifact https://repo.maven.apache.org/maven2/io/rsocket/rsocket-bom/1.1.3/rsocket-bom-1.1.3.pom
Failed to transfer Could not find artifact org.seleniumhq.selenium:selenium-bom:pom:4.19.1 in splunk-artifactory (https://splunk.jfrog.io/splunk/ext-releases-local)
Downloaded artifact https://repo.maven.apache.org/maven2/org/seleniumhq/selenium/selenium-bom/4.19.1/selenium-bom-4.19.1.pom
Failed to transfer Could not find artifact org.springframework.amqp:spring-amqp-bom:pom:3.1.6 in splunk-artifactory (https://splunk.jfrog.io/splunk/ext-releases-local)
Downloaded artifact https://repo.maven.apache.org/maven2/org/springframework/amqp/spring-amqp-bom/3.1.6/spring-amqp-bom-3.1.6.pom
Failed to transfer Could not find artifact org.springframework.batch:spring-batch-bom:pom:5.1.2 in splunk-artifactory (https://splunk.jfrog.io/splunk/ext-releases-local)
Downloaded artifact https://repo.maven.apache.org/maven2/org/springframework/batch/spring-batch-bom/5.1.2/spring-batch-bom-5.1.2.pom
Failed to transfer Could not find artifact org.springframework.data:spring-data-bom:pom:2024.0.1 in splunk-artifactory (https://splunk.jfrog.io/splunk/ext-releases-local)
Downloaded artifact https://repo.maven.apache.org/maven2/org/springframework/data/spring-data-bom/2024.0.1/spring-data-bom-2024.0.1.pom
Failed to transfer Could not find artifact org.springframework:spring-framework-bom:pom:6.1.10 in splunk-artifactory (https://splunk.jfrog.io/splunk/ext-releases-local)
Downloaded artifact https://repo.maven.apache.org/maven2/org/springframework/spring-framework-bom/6.1.10/spring-framework-bom-6.1.10.pom
Failed to transfer Could not find artifact org.springframework.integration:spring-integration-bom:pom:6.3.1 in splunk-artifactory (https://splunk.jfrog.io/splunk/ext-releases-local)
Downloaded artifact https://repo.maven.apache.org/maven2/org/springframework/integration/spring-integration-bom/6.3.1/spring-integration-bom-6.3.1.pom
Failed to transfer Could not find artifact org.springframework.pulsar:spring-pulsar-bom:pom:1.1.1 in splunk-artifactory (https://splunk.jfrog.io/splunk/ext-releases-local)
Downloaded artifact https://repo.maven.apache.org/maven2/org/springframework/pulsar/spring-pulsar-bom/1.1.1/spring-pulsar-bom-1.1.1.pom
Failed to transfer Could not find artifact org.springframework.restdocs:spring-restdocs-bom:pom:3.0.1 in splunk-artifactory (https://splunk.jfrog.io/splunk/ext-releases-local)
Downloaded artifact https://repo.maven.apache.org/maven2/org/springframework/restdocs/spring-restdocs-bom/3.0.1/spring-restdocs-bom-3.0.1.pom
Failed to transfer Could not find artifact org.springframework.security:spring-security-bom:pom:6.3.1 in splunk-artifactory (https://splunk.jfrog.io/splunk/ext-releases-local)
Downloaded artifact https://repo.maven.apache.org/maven2/org/springframework/security/spring-security-bom/6.3.1/spring-security-bom-6.3.1.pom
Failed to transfer Could not find artifact org.springframework.session:spring-session-bom:pom:3.3.1 in splunk-artifactory (https://splunk.jfrog.io/splunk/ext-releases-local)
Downloaded artifact https://repo.maven.apache.org/maven2/org/springframework/session/spring-session-bom/3.3.1/spring-session-bom-3.3.1.pom
Failed to transfer Could not find artifact org.springframework.ws:spring-ws-bom:pom:4.0.11 in splunk-artifactory (https://splunk.jfrog.io/splunk/ext-releases-local)
Downloaded artifact https://repo.maven.apache.org/maven2/org/springframework/ws/spring-ws-bom/4.0.11/spring-ws-bom-4.0.11.pom
Failed to transfer Could not find artifact org.testcontainers:testcontainers-bom:pom:1.19.8 in splunk-artifactory (https://splunk.jfrog.io/splunk/ext-releases-local)
Downloaded artifact https://repo.maven.apache.org/maven2/org/testcontainers/testcontainers-bom/1.19.8/testcontainers-bom-1.19.8.pom
Discovered a new module com.example:auth-course auth-course
Modules changed, recalculating dependency graph
Established TCP socket on 42567
[spring-maven-deployment-2] $ /opt/java/openjdk/bin/java -cp /var/jenkins_home/plugins/maven-plugin/WEB-INF/lib/maven35-agent-1.14.jar:/usr/share/maven/boot/plexus-classworlds-2.x.jar:/usr/share/maven/conf/logging jenkins.maven3.agent.Maven35Main /usr/share/maven /var/jenkins_home/war/WEB-INF/lib/remoting-3206.vb_15dcf73f6a_9.jar /var/jenkins_home/plugins/maven-plugin/WEB-INF/lib/maven35-interceptor-1.14.jar /var/jenkins_home/plugins/maven-plugin/WEB-INF/lib/maven3-interceptor-commons-1.14.jar 42567
<===[JENKINS REMOTING CAPACITY]===>channel started
Executing Maven:  -B -f /var/jenkins_home/workspace/spring-maven-deployment-2/pom.xml -B -DskipTests clean package
[[1;33mWARNING[m] 
[[1;33mWARNING[m] Some problems were encountered while building the effective settings
[[1;33mWARNING[m] Unrecognised tag: 'server' (position: START_TAG seen ...</activeProfiles>\n  -->\n  <server>... @264:11)  @ /etc/maven/settings.xml, line 264, column 11
[[1;33mWARNING[m] 
[INFO] Scanning for projects...
[INFO] 
[INFO] ----------------------< com.example:auth-course >-----------------------
[INFO] Building auth-course 0.0.1-SNAPSHOT
[INFO] --------------------------------[ war ]---------------------------------
[INFO] 
[INFO] --- maven-clean-plugin:3.3.2:clean (default-clean) @ auth-course ---
[INFO] 
[INFO] --- jacoco-maven-plugin:0.8.10:prepare-agent (default) @ auth-course ---
[INFO] argLine set to -javaagent:/root/.m2/repository/org/jacoco/org.jacoco.agent/0.8.10/org.jacoco.agent-0.8.10-runtime.jar=destfile=/var/jenkins_home/workspace/spring-maven-deployment-2/target/jacoco.exec
[INFO] 
[INFO] --- maven-resources-plugin:3.3.1:resources (default-resources) @ auth-course ---
[INFO] Copying 1 resource from src/main/resources to target/classes
[INFO] Copying 2 resources from src/main/resources to target/classes
[INFO] 
[INFO] --- maven-compiler-plugin:3.13.0:compile (default-compile) @ auth-course ---
[INFO] Recompiling the module because of changed source code.
[INFO] Compiling 22 source files with javac [debug parameters release 21] to target/classes
[INFO] Annotation processing is enabled because one or more processors were found
  on the class path. A future release of javac may disable annotation processing
  unless at least one processor is specified by name (-processor), or a search
  path is specified (--processor-path, --processor-module-path), or annotation
  processing is enabled explicitly (-proc:only, -proc:full).
  Use -Xlint:-options to suppress this message.
  Use -proc:none to disable annotation processing.
[INFO] 
[INFO] --- maven-resources-plugin:3.3.1:testResources (default-testResources) @ auth-course ---
[INFO] skip non existing resourceDirectory /var/jenkins_home/workspace/spring-maven-deployment-2/src/test/resources
[INFO] 
[INFO] --- maven-compiler-plugin:3.13.0:testCompile (default-testCompile) @ auth-course ---
[INFO] Recompiling the module because of changed dependency.
[INFO] Compiling 1 source file with javac [debug parameters release 21] to target/test-classes
[INFO] Annotation processing is enabled because one or more processors were found
  on the class path. A future release of javac may disable annotation processing
  unless at least one processor is specified by name (-processor), or a search
  path is specified (--processor-path, --processor-module-path), or annotation
  processing is enabled explicitly (-proc:only, -proc:full).
  Use -Xlint:-options to suppress this message.
  Use -proc:none to disable annotation processing.
[INFO] 
[INFO] --- maven-surefire-plugin:3.2.5:test (default-test) @ auth-course ---
[INFO] Tests are skipped.
[INFO] 
[INFO] --- jacoco-maven-plugin:0.8.10:report (report) @ auth-course ---
[INFO] Skipping JaCoCo execution due to missing execution data file.
[INFO] 
[INFO] --- maven-war-plugin:3.4.0:war (default-war) @ auth-course ---
[INFO] Packaging webapp
[INFO] Assembling webapp [auth-course] in [/var/jenkins_home/workspace/spring-maven-deployment-2/target/auth-course-0.0.1-SNAPSHOT]
[INFO] Processing war project
[INFO] Building war: /var/jenkins_home/workspace/spring-maven-deployment-2/target/auth-course-0.0.1-SNAPSHOT.war
[INFO] 
[INFO] --- spring-boot-maven-plugin:3.3.1:repackage (repackage) @ auth-course ---
[INFO] Replacing main artifact /var/jenkins_home/workspace/spring-maven-deployment-2/target/auth-course-0.0.1-SNAPSHOT.war with repackaged archive, adding nested dependencies in BOOT-INF/.
[INFO] The original artifact has been renamed to /var/jenkins_home/workspace/spring-maven-deployment-2/target/auth-course-0.0.1-SNAPSHOT.war.original
[INFO] ------------------------------------------------------------------------
[INFO] BUILD SUCCESS
[INFO] ------------------------------------------------------------------------
[INFO] Total time:  21.474 s
[INFO] Finished at: 2024-07-15T15:52:55Z
[INFO] ------------------------------------------------------------------------
Waiting for Jenkins to finish collecting data
[JENKINS] Archiving /var/jenkins_home/workspace/spring-maven-deployment-2/pom.xml to com.example/auth-course/0.0.1-SNAPSHOT/auth-course-0.0.1-SNAPSHOT.pom
[JENKINS] Archiving /var/jenkins_home/workspace/spring-maven-deployment-2/target/auth-course-0.0.1-SNAPSHOT.war to com.example/auth-course/0.0.1-SNAPSHOT/auth-course-0.0.1-SNAPSHOT.war
channel stopped
[DeployPublisher][INFO] Attempting to deploy 1 war file(s)
[DeployPublisher][INFO] Deploying /var/jenkins_home/workspace/spring-maven-deployment-2/target/auth-course-0.0.1-SNAPSHOT.war to container Tomcat 9.x Remote with context myApp
  [/var/jenkins_home/workspace/spring-maven-deployment-2/target/auth-course-0.0.1-SNAPSHOT.war] is not deployed. Doing a fresh deployment.
  Deploying [/var/jenkins_home/workspace/spring-maven-deployment-2/target/auth-course-0.0.1-SNAPSHOT.war]
Finished: SUCCESS